<?xml version="1.0" encoding="UTF-8"?>
<!-- Generated by org.testng.reporters.JUnitReportReporter -->
<testsuite hostname="DESKTOP-A2R8RVN" failures="0" tests="3" name="ShohozBusSearch.ShohozBusSearch" time="79.054" errors="0" timestamp="2023-09-13T19:59:21 BDT" skipped="0">
  <testcase classname="ShohozBusSearch.ShohozBusSearch" name="VerifyUrl" time="16.591"/>
  <system-out/>
  <testcase classname="ShohozBusSearch.ShohozBusSearch" name="VerifyTitle" time="16.548"/>
  <system-out/>
  <testcase classname="ShohozBusSearch.ShohozBusSearch" name="BusSearch" time="45.915"/>
  <system-out/>
</testsuite> <!-- ShohozBusSearch.ShohozBusSearch -->
